\BOOKMARK [1][-]{section.1}{\376\377\000Q\000u\000e\000s\000t\000i\000o\000n\000\040\0001}{}% 1
\BOOKMARK [2][-]{subsection.1.1}{\376\377\000M\000o\000d\000\350\000l\000e\000\040\000C\000o\000n\000c\000e\000p\000t\000u\000e\000l\000\040\000d\000e\000\040\000D\000o\000n\000n\000\351\000e\000s\000\040\000\050\000M\000C\000D\000\051}{section.1}% 2
\BOOKMARK [2][-]{subsection.1.2}{\376\377\000C\000o\000u\000v\000e\000r\000t\000u\000r\000e\000\040\000M\000i\000n\000i\000m\000a\000l\000e}{section.1}% 3
\BOOKMARK [1][-]{section.2}{\376\377\000Q\000u\000e\000s\000t\000i\000o\000n\000\040\0002}{}% 4
\BOOKMARK [2][-]{subsection.2.1}{\376\377\000A\000f\000f\000i\000c\000h\000e\000r\000\040\000t\000o\000u\000s\000\040\000l\000e\000s\000\040\000c\000l\000i\000e\000n\000t\000s\000\040\000q\000u\000i\000\040\000h\000a\000b\000i\000t\000e\000n\000t\000\040\000C\000o\000r\000t\000e\000\040\000o\000u\000\040\000O\000m\000e\000s\000s\000a}{section.2}% 5
\BOOKMARK [3][-]{subsubsection.2.1.1}{\376\377\000A\000l\000g\000\350\000b\000r\000e\000\040\000R\000e\000l\000a\000t\000i\000o\000n\000n\000e\000l\000l\000e}{subsection.2.1}% 6
\BOOKMARK [3][-]{subsubsection.2.1.2}{\376\377\000S\000Q\000L}{subsection.2.1}% 7
\BOOKMARK [2][-]{subsection.2.2}{\376\377\000A\000f\000f\000i\000c\000h\000e\000r\000\040\000l\000e\000s\000\040\000n\000o\000m\000s\000\040\000e\000t\000\040\000v\000i\000l\000l\000e\000s\000\040\000d\000e\000s\000\040\000c\000l\000i\000e\000n\000t\000s}{section.2}% 8
\BOOKMARK [3][-]{subsubsection.2.2.1}{\376\377\000A\000l\000g\000\350\000b\000r\000e\000\040\000R\000e\000l\000a\000t\000i\000o\000n\000n\000e\000l\000l\000e}{subsection.2.2}% 9
\BOOKMARK [3][-]{subsubsection.2.2.2}{\376\377\000S\000Q\000L}{subsection.2.2}% 10
\BOOKMARK [2][-]{subsection.2.3}{\376\377\000A\000f\000f\000i\000c\000h\000e\000r\000\040\000l\000e\000s\000\040\000n\000o\000m\000s\000\040\000e\000t\000\040\000t\000\351\000l\000\351\000p\000h\000o\000n\000e\000s\000\040\000d\000e\000s\000\040\000C\000l\000i\000e\000n\000t\000s\000\040\000h\000a\000b\000i\000t\000a\000n\000t\000\040\000P\000o\000r\000t\000o\000-\000V\000e\000c\000c\000h\000i\000o}{section.2}% 11
\BOOKMARK [3][-]{subsubsection.2.3.1}{\376\377\000A\000l\000g\000\350\000b\000r\000e\000\040\000R\000e\000l\000a\000t\000i\000o\000n\000n\000e\000l\000l\000e}{subsection.2.3}% 12
\BOOKMARK [3][-]{subsubsection.2.3.2}{\376\377\000S\000Q\000L}{subsection.2.3}% 13
\BOOKMARK [2][-]{subsection.2.4}{\376\377\000A\000f\000f\000i\000c\000h\000e\000r\000\040\000l\000e\000s\000\040\000n\000o\000m\000s\000\040\000d\000e\000\040\000c\000l\000i\000e\000n\000t\000s\000\040\000a\000y\000a\000n\000t\000\040\000p\000a\000s\000s\000\351\000\040\000u\000n\000e\000\040\000c\000o\000m\000m\000a\000n\000d\000e\000\040\000l\000e\000\040\0001\0000\000/\0001\0001\000/\0002\0000\0002\0000}{section.2}% 14
\BOOKMARK [3][-]{subsubsection.2.4.1}{\376\377\000A\000l\000g\000\350\000b\000r\000e\000\040\000R\000e\000l\000a\000t\000i\000o\000n\000n\000e\000l\000l\000e}{subsection.2.4}% 15
\BOOKMARK [3][-]{subsubsection.2.4.2}{\376\377\000S\000Q\000L}{subsection.2.4}% 16
\BOOKMARK [2][-]{subsection.2.5}{\376\377\000A\000f\000f\000i\000c\000h\000e\000r\000\040\000l\000e\000s\000\040\000p\000r\000o\000d\000u\000i\000t\000s\000\040\000a\000c\000h\000e\000t\000\351\000s\000\040\000p\000a\000r\000\040\000l\000e\000\040\000c\000l\000i\000e\000n\000t\000\040\0001\0000\0002}{section.2}% 17
\BOOKMARK [3][-]{subsubsection.2.5.1}{\376\377\000A\000l\000g\000\350\000b\000r\000e\000\040\000R\000e\000l\000a\000t\000i\000o\000n\000n\000e\000l\000l\000e}{subsection.2.5}% 18
\BOOKMARK [3][-]{subsubsection.2.5.2}{\376\377\000S\000Q\000L}{subsection.2.5}% 19
\BOOKMARK [2][-]{subsection.2.6}{\376\377\000A\000f\000f\000i\000c\000h\000e\000r\000\040\000l\000e\000s\000\040\000p\000r\000o\000d\000u\000i\000t\000s\000\040\000a\000c\000h\000e\000t\000\351\000s\000\040\000p\000a\000r\000\040\000l\000e\000\040\000c\000l\000i\000e\000n\000t\000\040\000"\000D\000e\000l\000h\000o\000m\000"}{section.2}% 20
\BOOKMARK [3][-]{subsubsection.2.6.1}{\376\377\000A\000l\000g\000\350\000b\000r\000e\000\040\000R\000e\000l\000a\000t\000i\000o\000n\000n\000e\000l\000l\000e}{subsection.2.6}% 21
\BOOKMARK [3][-]{subsubsection.2.6.2}{\376\377\000S\000Q\000L}{subsection.2.6}% 22
\BOOKMARK [2][-]{subsection.2.7}{\376\377\000N\000o\000m\000s\000\040\000d\000e\000s\000\040\000c\000l\000i\000e\000n\000t\000s\000\040\000a\000y\000a\000n\000t\000\040\000a\000c\000h\000e\000t\000\351\000\040\000d\000u\000\040\000C\000h\000o\000c\000o\000l\000a\000t}{section.2}% 23
\BOOKMARK [3][-]{subsubsection.2.7.1}{\376\377\000A\000l\000g\000\350\000b\000r\000e\000\040\000R\000e\000l\000a\000t\000i\000o\000n\000n\000e\000l\000l\000e}{subsection.2.7}% 24
\BOOKMARK [3][-]{subsubsection.2.7.2}{\376\377\000S\000Q\000L}{subsection.2.7}% 25
\BOOKMARK [2][-]{subsection.2.8}{\376\377\000N\000o\000m\000s\000\040\000d\000e\000s\000\040\000c\000l\000i\000e\000n\000t\000s\000\040\000n\040\031\000a\000y\000a\000n\000t\000\040\000j\000a\000m\000a\000i\000s\000\040\000a\000c\000h\000e\000t\000\351\000\040\000d\000e\000\040\000l\000a\000i\000t}{section.2}% 26
\BOOKMARK [3][-]{subsubsection.2.8.1}{\376\377\000A\000l\000g\000\350\000b\000r\000e\000\040\000R\000e\000l\000a\000t\000i\000o\000n\000n\000e\000l\000l\000e}{subsection.2.8}% 27
\BOOKMARK [3][-]{subsubsection.2.8.2}{\376\377\000S\000Q\000L}{subsection.2.8}% 28
\BOOKMARK [2][-]{subsection.2.9}{\376\377\000N\000o\000m\000s\000\040\000d\000e\000s\000\040\000c\000l\000i\000e\000n\000t\000s\000\040\000a\000y\000a\000n\000t\000\040\000a\000c\000h\000e\000t\000\351\000\040\000d\000e\000s\000\040\000p\000r\000o\000d\000u\000i\000t\000s\000\040\000d\000o\000n\000t\000\040\000l\000e\000\040\000p\000r\000i\000x\000\040\000e\000s\000t\000\040\000s\000u\000p\000\351\000r\000i\000e\000u\000r\000\040\000\340\000\040\0004\000\040\000E\000u\000r\000o\000s}{section.2}% 29
\BOOKMARK [3][-]{subsubsection.2.9.1}{\376\377\000A\000l\000g\000\350\000b\000r\000e\000\040\000R\000e\000l\000a\000t\000i\000o\000n\000n\000e\000l\000l\000e}{subsection.2.9}% 30
\BOOKMARK [3][-]{subsubsection.2.9.2}{\376\377\000S\000Q\000L}{subsection.2.9}% 31
\BOOKMARK [2][-]{subsection.2.10}{\376\377\000L\000i\000s\000t\000e\000\040\000d\000e\000s\000\040\000p\000r\000o\000d\000u\000i\000t\000s\000\040\000a\000c\000h\000e\000t\000\351\000s\000\040\000p\000a\000r\000\040\000d\000e\000s\000\040\000p\000o\000r\000t\000o\000-\000v\000e\000c\000c\000h\000i\000a\000i\000s}{section.2}% 32
\BOOKMARK [3][-]{subsubsection.2.10.1}{\376\377\000A\000l\000g\000\350\000b\000r\000e\000\040\000R\000e\000l\000a\000t\000i\000o\000n\000n\000e\000l\000l\000e}{subsection.2.10}% 33
\BOOKMARK [3][-]{subsubsection.2.10.2}{\376\377\000S\000Q\000L}{subsection.2.10}% 34
\BOOKMARK [1][-]{section.3}{\376\377\000Q\000u\000e\000s\000t\000i\000o\000n\000\040\0003}{}% 35
\BOOKMARK [2][-]{subsection.3.1}{\376\377\000C\000r\000\351\000a\000t\000i\000o\000n\000\040\000d\000e\000\040\000l\000a\000\040\000b\000a\000s\000e\000\040\000d\000e\000\040\000d\000o\000n\000n\000\351\000e\000s}{section.3}% 36
\BOOKMARK [3][-]{subsubsection.3.1.1}{\376\377\000M\000o\000n\000t\000a\000n\000t\000\040\000t\000o\000t\000a\000l\000\040\000d\000e\000s\000\040\000c\000o\000m\000m\000a\000n\000d\000e\000s\000\040\000d\000u\000\040\000c\000l\000i\000e\000n\000t\000\040\0001\0000\0002}{subsection.3.1}% 37
\BOOKMARK [3][-]{subsubsection.3.1.2}{\376\377\000N\000o\000m\000b\000r\000e\000\040\000t\000o\000t\000a\000l\000\040\000d\000e\000\040\000c\000o\000m\000m\000a\000n\000d\000e\000s\000\040\000d\000u\000\040\000c\000l\000i\000e\000n\000t\000\040\0001\0000\0002}{subsection.3.1}% 38
